<?xml version="1.0" encoding="UTF-8"?>
<!-- Generated by org.testng.reporters.JUnitXMLReporter -->
<testsuite hostname="DESKTOP-KFSBEQ2" ignored="0" name="Test" tests="4" failures="0" timestamp="09 Mar 2021 03:08:24 GMT" time="0.107" errors="0">
  <testcase name="add" time="0.03" classname="UnitTesting.unitTest"/>
  <testcase name="divide" time="0.006" classname="UnitTesting.unitTest"/>
  <testcase name="minus" time="0.002" classname="UnitTesting.unitTest"/>
  <testcase name="multiply" time="0.002" classname="UnitTesting.unitTest"/>
</testsuite> <!-- Test -->
